<?xml version="1.0" encoding="UTF-8"?>
<testng-results skipped="0" failed="0" ignored="0" total="0" passed="0">
  <reporter-output>
  </reporter-output>
  <suite name="Default suite" duration-ms="258" started-at="2020-11-24T19:22:02Z" finished-at="2020-11-24T19:22:02Z">
    <groups>
      <group name="cucumber">
        <method signature="AbstractTestNGCucumberTests.feature(cucumber.api.testng.CucumberFeatureWrapper)[pri:0, instance:com.testrunners.TestRunner@73ad2d6]" name="feature" class="cucumber.api.testng.AbstractTestNGCucumberTests"/>
      </group> <!-- cucumber -->
    </groups>
    <test name="Default test" duration-ms="258" started-at="2020-11-24T19:22:02Z" finished-at="2020-11-24T19:22:02Z">
      <class name="com.testrunners.TestRunner">
        <test-method status="PASS" signature="setUpClass()[pri:0, instance:com.testrunners.TestRunner@73ad2d6]" name="setUpClass" is-config="true" duration-ms="227" started-at="2020-11-24T19:22:02Z" finished-at="2020-11-24T19:22:02Z">
          <reporter-output>
          </reporter-output>
        </test-method> <!-- setUpClass -->
        <test-method status="PASS" signature="tearDownClass()[pri:0, instance:com.testrunners.TestRunner@73ad2d6]" name="tearDownClass" is-config="true" duration-ms="15" started-at="2020-11-24T19:22:02Z" finished-at="2020-11-24T19:22:02Z">
          <reporter-output>
          </reporter-output>
        </test-method> <!-- tearDownClass -->
      </class> <!-- com.testrunners.TestRunner -->
    </test> <!-- Default test -->
  </suite> <!-- Default suite -->
</testng-results>
